{"content": {"suites": {"0": {"status": {"total_pass": 0, "total_skip": 0, "total_xpass": 0, "total_xfail": 0, "total_rerun": 0, "total_fail": 2, "total_error": 0}, "tests": {"0": {"status": "FAIL", "message": "   selenium.common.exceptions.NoSuchElementException: Message: no such element: Unable to locate element: {\"method\":\"xpath\",\"selector\":\"//button[text()='OK']\"}\n     (Session info: chrome=95.0.4638.69)\n", "test_name": "test_addNewRelabelRequest[getData_add0]", "rerun": "0"}, "1": {"status": "FAIL", "message": "   selenium.common.exceptions.NoSuchElementException: Message: no such element: Unable to locate element: {\"method\":\"xpath\",\"selector\":\"//input[@id='ContentPlaceHolder_userNameTextBox']\"}\n     (Session info: chrome=95.0.4638.69)\n", "test_name": "test_verifyAddedRelabelRequest[getData_add0]", "rerun": "0"}}, "suite_name": "test_addNewRelabelRequest.py"}, "1": {"suite_name": "test_assignRelabelRequest.py", "tests": {"0": {"status": "PASS", "message": "", "test_name": "test_assignRelabelRequestToOperatorGroup[getData_assign0]", "rerun": "0"}, "1": {"status": "SKIP", "message": "('C:\\\\Users\\\\Dell\\\\PycharmProjects\\\\VegamSFS_Relabel_Process\\\\testCases\\\\test_assignRelabelRequest.py', 47, 'Skipped: unconditional skip')", "test_name": "test_assignRelabelRequestToMyself[getData_assign0]", "rerun": "0"}}, "status": {"total_pass": 1, "total_skip": 1, "total_xpass": 0, "total_xfail": 0, "total_rerun": 0, "total_fail": 0, "total_error": 0}}, "2": {"suite_name": "test_editDeleteRelabel.py", "tests": {"0": {"status": "PASS", "message": "", "test_name": "test_editRelabelRequest[getData_editDel0]", "rerun": "0"}, "1": {"status": "PASS", "message": "", "test_name": "test_deleteRelabelRequest[getData_editDel0]", "rerun": "0"}}, "status": {"total_pass": 2, "total_skip": 0, "total_xpass": 0, "total_xfail": 0, "total_rerun": 0, "total_fail": 0, "total_error": 0}}, "3": {"suite_name": "test_verifyManageRelabelPage.py", "tests": {"0": {"status": "FAIL", "message": "   selenium.common.exceptions.NoSuchElementException: Message: no such element: Unable to locate element: {\"method\":\"xpath\",\"selector\":\"//a[@id='lnkDispatch']\"}\n     (Session info: chrome=95.0.4638.69)\n", "test_name": "test_verifyManageRelabel[getData0]", "rerun": "0"}}, "status": {"total_pass": 0, "total_skip": 0, "total_xpass": 0, "total_xfail": 0, "total_rerun": 0, "total_fail": 1, "total_error": 0}}}}, "date": "November 22, 2021", "start_time": 1637590509.5393705, "total_suite": 4, "status": "FAIL", "status_list": {"pass": "3", "fail": "3", "skip": "1", "error": "0", "xpass": "0", "xfail": "0", "rerun": "0"}, "total_tests": "7"}